<?xml version="1.0" encoding="UTF-8"?>
<!-- Generated by org.testng.reporters.JUnitXMLReporter -->
<testsuite hostname="DESKTOP-UI79ED7" ignored="0" name="Test" tests="1" failures="1" timestamp="08 May 2020 21:37:15 GMT" time="24.2" errors="0">
  <testcase name="Validate" time="0.543" classname="practice.E2Eproject.ValidateText">
    <failure type="java.lang.AssertionError" message="expected [FEATURED COURSES1234] but found [FEATURED COURSES]">
      <![CDATA[java.lang.AssertionError: expected [FEATURED COURSES1234] but found [FEATURED COURSES]
at practice.E2Eproject.ValidateText.Validate(ValidateText.java:33)
... Removed 31 stack frames]]>
    </failure>
  </testcase> <!-- Validate -->
</testsuite> <!-- Test -->
